<?xml version="1.0" encoding="utf-8"?><testsuites name="pytest tests"><testsuite name="pytest" errors="0" failures="0" skipped="0" tests="9" time="1.882" timestamp="2026-05-29T22:30:35.931862+00:00" hostname="agent-env-fb0d941a-9a81-4861-8f82-4e1e48322dac"><testcase classname="backend.tests.test_creation_chain" name="test_create_level" time="0.566" /><testcase classname="backend.tests.test_creation_chain" name="test_create_grade" time="0.105" /><testcase classname="backend.tests.test_creation_chain" name="test_create_section" time="0.056" /><testcase classname="backend.tests.test_creation_chain" name="test_create_subject" time="0.108" /><testcase classname="backend.tests.test_creation_chain" name="test_create_room" time="0.054" /><testcase classname="backend.tests.test_creation_chain" name="test_create_teacher_with_relations" time="0.276" /><testcase classname="backend.tests.test_creation_chain" name="test_create_student_with_grade_section" time="0.055" /><testcase classname="backend.tests.test_creation_chain" name="test_lists_contain_new_records" time="0.108" /><testcase classname="backend.tests.test_creation_chain" name="test_cleanup" time="0.380" /></testsuite></testsuites>