<?xml version="1.0" encoding="utf-8"?><testsuites name="pytest tests"><testsuite name="pytest" errors="0" failures="1" skipped="0" tests="21" time="9.725" timestamp="2026-03-01T00:13:48.576410+00:00" hostname="agent-env-ba376d25-e169-45a5-84d6-ef56d869c46f"><testcase classname="backend.tests.test_school_management.TestHealthCheck" name="test_health_endpoint" time="0.183" /><testcase classname="backend.tests.test_school_management.TestHealthCheck" name="test_root_endpoint" time="0.112" /><testcase classname="backend.tests.test_school_management.TestAuthentication" name="test_super_admin_login" time="0.353" /><testcase classname="backend.tests.test_school_management.TestAuthentication" name="test_school_admin_login" time="0.349" /><testcase classname="backend.tests.test_school_management.TestAuthentication" name="test_login_invalid_credentials" time="0.107" /><testcase classname="backend.tests.test_school_management.TestAuthentication" name="test_get_current_user" time="0.493" /><testcase classname="backend.tests.test_school_management.TestDashboard" name="test_super_admin_dashboard" time="0.442" /><testcase classname="backend.tests.test_school_management.TestDashboard" name="test_school_dashboard" time="0.446" /><testcase classname="backend.tests.test_school_management.TestAcademicSubjects" name="test_list_subjects" time="0.510" /><testcase classname="backend.tests.test_school_management.TestAcademicSubjects" name="test_create_subject" time="0.675" /><testcase classname="backend.tests.test_school_management.TestAcademicExams" name="test_list_exams" time="0.545" /><testcase classname="backend.tests.test_school_management.TestAcademicExams" name="test_create_exam" time="0.659" /><testcase classname="backend.tests.test_school_management.TestSchedule" name="test_list_sections" time="0.507" /><testcase classname="backend.tests.test_school_management.TestReports" name="test_attendance_report" time="0.641" /><testcase classname="backend.tests.test_school_management.TestReports" name="test_finance_report" time="0.548" /><testcase classname="backend.tests.test_school_management.TestSettings" name="test_get_settings" time="0.452" /><testcase classname="backend.tests.test_school_management.TestActivityLog" name="test_list_activity_logs" time="0.436" /><testcase classname="backend.tests.test_school_management.TestMessages" name="test_list_messages" time="0.461" /><testcase classname="backend.tests.test_school_management.TestMessages" name="test_unread_count" time="0.441" /><testcase classname="backend.tests.test_school_management.TestMessages" name="test_send_message" time="0.602"><failure message="assert 500 == 200&#10; +  where 500 = &lt;Response [500]&gt;.status_code">backend/tests/test_school_management.py:406: in test_send_message
    assert response.status_code == 200
E   assert 500 == 200
E    +  where 500 = &lt;Response [500]&gt;.status_code</failure></testcase><testcase classname="backend.tests.test_school_management.TestGrades" name="test_list_grades" time="0.611" /></testsuite></testsuites>