<?xml version="1.0" encoding="utf-8"?><testsuites name="pytest tests"><testsuite name="pytest" errors="0" failures="0" skipped="0" tests="21" time="9.550" timestamp="2026-03-01T00:15:00.566319+00:00" hostname="agent-env-ba376d25-e169-45a5-84d6-ef56d869c46f"><testcase classname="backend.tests.test_school_management.TestHealthCheck" name="test_health_endpoint" time="0.152" /><testcase classname="backend.tests.test_school_management.TestHealthCheck" name="test_root_endpoint" time="0.146" /><testcase classname="backend.tests.test_school_management.TestAuthentication" name="test_super_admin_login" time="0.352" /><testcase classname="backend.tests.test_school_management.TestAuthentication" name="test_school_admin_login" time="0.356" /><testcase classname="backend.tests.test_school_management.TestAuthentication" name="test_login_invalid_credentials" time="0.127" /><testcase classname="backend.tests.test_school_management.TestAuthentication" name="test_get_current_user" time="0.475" /><testcase classname="backend.tests.test_school_management.TestDashboard" name="test_super_admin_dashboard" time="0.462" /><testcase classname="backend.tests.test_school_management.TestDashboard" name="test_school_dashboard" time="0.473" /><testcase classname="backend.tests.test_school_management.TestAcademicSubjects" name="test_list_subjects" time="0.604" /><testcase classname="backend.tests.test_school_management.TestAcademicSubjects" name="test_create_subject" time="0.624" /><testcase classname="backend.tests.test_school_management.TestAcademicExams" name="test_list_exams" time="0.503" /><testcase classname="backend.tests.test_school_management.TestAcademicExams" name="test_create_exam" time="0.615" /><testcase classname="backend.tests.test_school_management.TestSchedule" name="test_list_sections" time="0.485" /><testcase classname="backend.tests.test_school_management.TestReports" name="test_attendance_report" time="0.543" /><testcase classname="backend.tests.test_school_management.TestReports" name="test_finance_report" time="0.579" /><testcase classname="backend.tests.test_school_management.TestSettings" name="test_get_settings" time="0.467" /><testcase classname="backend.tests.test_school_management.TestActivityLog" name="test_list_activity_logs" time="0.481" /><testcase classname="backend.tests.test_school_management.TestMessages" name="test_list_messages" time="0.483" /><testcase classname="backend.tests.test_school_management.TestMessages" name="test_unread_count" time="0.449" /><testcase classname="backend.tests.test_school_management.TestMessages" name="test_send_message" time="0.600" /><testcase classname="backend.tests.test_school_management.TestGrades" name="test_list_grades" time="0.512" /></testsuite></testsuites>